https://api.github.com/repos/pouriap/tinyrf/contributors?per_page=50&page=2
https://api.github.com/repos/mzying2001/cefflashbrowser/contributors?per_page=50&page=2
https://api.github.com/repos/mingsonzheng/personal-learning-library/contributors?per_page=50&page=2
https://api.github.com/repos/citysu/csiread/contributors?per_page=50&page=2
https://api.github.com/repos/aex351/home-assistant-neerslag-app/contributors?per_page=50&page=2
https://api.github.com/repos/carlospolop/auto_wordlists/contributors?per_page=50&page=2
https://api.github.com/repos/rednafi/hook-slinger/contributors?per_page=50&page=2
https://api.github.com/repos/revant/erpnext_feature_board/contributors?per_page=50&page=2
https://api.github.com/repos/dbrughmans/nice/contributors?per_page=50&page=2
https://api.github.com/repos/pattanaikl/chiral_gnn/contributors?per_page=50&page=2
https://api.github.com/repos/km1994/leetcode/contributors?per_page=50&page=2
https://api.github.com/repos/radareorg/r2env/contributors?per_page=50&page=2
https://api.github.com/repos/sarat9/react-custom-hooks/contributors?per_page=50&page=2
https://api.github.com/repos/thecryptofarm/txpoolsniper/contributors?per_page=50&page=2
https://api.github.com/repos/im-parsa/messi-selfbot/contributors?per_page=50&page=2
https://api.github.com/repos/jazzyisj/home-assistant-config/contributors?per_page=50&page=2
https://api.github.com/repos/fhb369/react-native-chat-app/contributors?per_page=50&page=2
https://api.github.com/repos/wzf1997/blog/contributors?per_page=50&page=2
https://api.github.com/repos/sonnyp/ohmysvg/contributors?per_page=50&page=2
https://api.github.com/repos/gnikoloff/hwoa-rang-gl/contributors?per_page=50&page=2
https://api.github.com/repos/keydrive/keydrive/contributors?per_page=50&page=2
https://api.github.com/repos/jphsd/texture/contributors?per_page=50&page=2
https://api.github.com/repos/mehmetazizyirik/maygen/contributors?per_page=50&page=2
https://api.github.com/repos/dinstone/agate/contributors?per_page=50&page=2
https://api.github.com/repos/caoyanglee/silentupdate/contributors?per_page=50&page=2
https://api.github.com/repos/graphenect/pvr_psp2/contributors?per_page=50&page=2
https://api.github.com/repos/norihiro/obs-color-monitor/contributors?per_page=50&page=2
https://api.github.com/repos/makerstorage/pnpassist/contributors?per_page=50&page=2
https://api.github.com/repos/gmenounos/kw1281test/contributors?per_page=50&page=2
https://api.github.com/repos/cicirello/jacoco-badge-generator/contributors?per_page=50&page=2
https://api.github.com/repos/liushulinle/plome/contributors?per_page=50&page=2
https://api.github.com/repos/talegqz/unsupervised_co_part_segmentation/contributors?per_page=50&page=2
https://api.github.com/repos/jiequancui/reslt/contributors?per_page=50&page=2
https://api.github.com/repos/sign-language-processing/datasets/contributors?per_page=50&page=2
https://api.github.com/repos/doraemoe/dureader/contributors?per_page=50&page=2
https://api.github.com/repos/cerner/ccl-testing/contributors?per_page=50&page=2
https://api.github.com/repos/dream7180/shutter-cn/contributors?per_page=50&page=2
https://api.github.com/repos/andyholmes/valent/contributors?per_page=50&page=2
https://api.github.com/repos/l33tmeatwad/amvtool/contributors?per_page=50&page=2
https://api.github.com/repos/itsbrank/ue3sdkgenerator/contributors?per_page=50&page=2
https://api.github.com/repos/koenbeuk/scenariotests/contributors?per_page=50&page=2
https://api.github.com/repos/revenol/lydroo/contributors?per_page=50&page=2
https://api.github.com/repos/china-uk-zsl/zs-f-vqa/contributors?per_page=50&page=2
https://api.github.com/repos/frazierlei/pornhub-downloader/contributors?per_page=50&page=2
https://api.github.com/repos/kasimir123/ctfwriteups/contributors?per_page=50&page=2
https://api.github.com/repos/anjanamadu/ytplaylistdl/contributors?per_page=50&page=2
https://api.github.com/repos/guidodipasquo/aerovector/contributors?per_page=50&page=2
https://api.github.com/repos/pjeby/hotkey-helper/contributors?per_page=50&page=2
https://api.github.com/repos/bokuweb/zstd-wasm/contributors?per_page=50&page=2
https://api.github.com/repos/surmon-china/vuniversal/contributors?per_page=50&page=2
https://api.github.com/repos/kepano/obsidian-advanced-appearance/contributors?per_page=50&page=2
https://api.github.com/repos/mouredev/twitimer-ios/contributors?per_page=50&page=2
https://api.github.com/repos/cblgh/plain/contributors?per_page=50&page=2
https://api.github.com/repos/lukaszraczylo/semver-generator/contributors?per_page=50&page=2
https://api.github.com/repos/chenjunyu19/mediavolume/contributors?per_page=50&page=2
https://api.github.com/repos/jiayaoo3o/18-comic-finder/contributors?per_page=50&page=2
https://api.github.com/repos/kranberry-io/kranberry/contributors?per_page=50&page=2
https://api.github.com/repos/tatsutron/mistercon/contributors?per_page=50&page=2
https://api.github.com/repos/dreeam-qwq/liquidbounce-china/contributors?per_page=50&page=2
https://api.github.com/repos/blackend/lotus-effect/contributors?per_page=50&page=2
https://api.github.com/repos/valters-tomsons/spectabis-next/contributors?per_page=50&page=2
https://api.github.com/repos/georgidelchev/ayn-/contributors?per_page=50&page=2
https://api.github.com/repos/xiaoaoran/synlidar/contributors?per_page=50&page=2
https://api.github.com/repos/knownsec/kunyu/contributors?per_page=50&page=2
https://api.github.com/repos/cthoyt/chembl-downloader/contributors?per_page=50&page=2
https://api.github.com/repos/0x727/shuize_0x727/contributors?per_page=50&page=2
https://api.github.com/repos/capellaspace/console-client/contributors?per_page=50&page=2
https://api.github.com/repos/nschloe/fontman/contributors?per_page=50&page=2
https://api.github.com/repos/clovaai/synthtiger/contributors?per_page=50&page=2
https://api.github.com/repos/streetwriters/notesnook/contributors?per_page=50&page=2
https://api.github.com/repos/blueblazin/thislang/contributors?per_page=50&page=2
https://api.github.com/repos/bmw2621/svelte-lorca-template/contributors?per_page=50&page=2
https://api.github.com/repos/vipzhicheng/logseq-plugin-mark-map/contributors?per_page=50&page=2
https://api.github.com/repos/timcole/sugma/contributors?per_page=50&page=2
https://api.github.com/repos/zafarivaev/bottomsheet/contributors?per_page=50&page=2
https://api.github.com/repos/seasonzhu/rxstudy/contributors?per_page=50&page=2
https://api.github.com/repos/sroebert/mqtt-nio/contributors?per_page=50&page=2
https://api.github.com/repos/genaker/laragento/contributors?per_page=50&page=2
https://api.github.com/repos/synapse-os/synapseos/contributors?per_page=50&page=2
https://api.github.com/repos/robincornelius/libcanopensimple/contributors?per_page=50&page=2
https://api.github.com/repos/matcool/replaybot/contributors?per_page=50&page=2
https://api.github.com/repos/sudo-su-fdel/crumble/contributors?per_page=50&page=2
https://api.github.com/repos/aryetis/autopausestealth/contributors?per_page=50&page=2
https://api.github.com/repos/vincentzyx/douzero_for_hlddz_fullauto/contributors?per_page=50&page=2
https://api.github.com/repos/microsoft/orbit-dataset/contributors?per_page=50&page=2
https://api.github.com/repos/lujun88888/iptv/contributors?per_page=50&page=2
https://api.github.com/repos/pralab/secml_malware/contributors?per_page=50&page=2
https://api.github.com/repos/whateverforever/zettelcon/contributors?per_page=50&page=2
https://api.github.com/repos/jlampel/orient_to_selection/contributors?per_page=50&page=2
https://api.github.com/repos/jsenv/importmap-node-module/contributors?per_page=50&page=2
https://api.github.com/repos/bdr76/multilanguage/contributors?per_page=50&page=2
https://api.github.com/repos/bndw/len.to/contributors?per_page=50&page=2
https://api.github.com/repos/maomao1996/tampermonkey-scripts/contributors?per_page=50&page=2
https://api.github.com/repos/wundergraph/nextjs-typescript-postgresql-graphql-realtime-chat/contributors?per_page=50&page=2
https://api.github.com/repos/key-lab/blueauth/contributors?per_page=50&page=2
https://api.github.com/repos/tnpitsecurity/ligolo-ng/contributors?per_page=50&page=2
https://api.github.com/repos/jfree/skijagraphics2d/contributors?per_page=50&page=2
https://api.github.com/repos/adorad/adorad/contributors?per_page=50&page=2
https://api.github.com/repos/tsandmann/freertos-teensy/contributors?per_page=50&page=2
https://api.github.com/repos/cooneo/neor_mini/contributors?per_page=50&page=2
https://api.github.com/repos/maplestoryunity/maplestoryunity/contributors?per_page=50&page=2
https://api.github.com/repos/thudm/iprompt/contributors?per_page=50&page=2
https://api.github.com/repos/byggemandboesen/h-line-software/contributors?per_page=50&page=2
https://api.github.com/repos/mainakrepositor/anystock/contributors?per_page=50&page=2
https://api.github.com/repos/asmsafone/megadl-bot/contributors?per_page=50&page=2
https://api.github.com/repos/sanatonek/tnc_representation_learning/contributors?per_page=50&page=2
https://api.github.com/repos/ggsding/lanet/contributors?per_page=50&page=2
https://api.github.com/repos/akariasai/cora/contributors?per_page=50&page=2
https://api.github.com/repos/pleiszenburg/bewegung/contributors?per_page=50&page=2
https://api.github.com/repos/micro-sheep/efinance/contributors?per_page=50&page=2
https://api.github.com/repos/ellismckenzielee/codewars-python/contributors?per_page=50&page=2
https://api.github.com/repos/sugar3-io/gelati-sugarfree/contributors?per_page=50&page=2
https://api.github.com/repos/altfinder/tubeshift-extension/contributors?per_page=50&page=1
https://api.github.com/repos/betakernel/myquantumultx/contributors?per_page=50&page=2
https://api.github.com/repos/kinngh/shopify-node-mongodb-next-app/contributors?per_page=50&page=2
https://api.github.com/repos/utterliar1/jd_scripts/contributors?per_page=50&page=2
https://api.github.com/repos/aykutsarac/github-rater/contributors?per_page=50&page=2
https://api.github.com/repos/abhinavrajesh/aura/contributors?per_page=50&page=2
https://api.github.com/repos/paretosecurity/pareto-mac/contributors?per_page=50&page=2
https://api.github.com/repos/songangweb/durl/contributors?per_page=50&page=2
https://api.github.com/repos/hazcod/security-slacker/contributors?per_page=50&page=2
https://api.github.com/repos/davidmoten/big-sorter/contributors?per_page=50&page=2
https://api.github.com/repos/kalebke/me7tuner/contributors?per_page=50&page=2
https://api.github.com/repos/tlhhup/litemall-dw/contributors?per_page=50&page=2
https://api.github.com/repos/ghostrider-reborn/android_kernel_xiaomi_surya/contributors?per_page=50&page=1
https://api.github.com/repos/cup-lang/cup/contributors?per_page=50&page=2
https://api.github.com/repos/skramm/homog2d/contributors?per_page=50&page=2
https://api.github.com/repos/nceboy/ncealg/contributors?per_page=50&page=2
https://api.github.com/repos/mahmoudgalal/zeearchiver/contributors?per_page=50&page=2
https://api.github.com/repos/sang-hyeon/plastic/contributors?per_page=50&page=2
https://api.github.com/repos/micahmo/wireguardserverforwindows/contributors?per_page=50&page=2
https://api.github.com/repos/xingxing2019/leetcode/contributors?per_page=50&page=2
https://api.github.com/repos/cyclonefreeze/fortnitedotnet/contributors?per_page=50&page=1
https://api.github.com/repos/xiaoxiaojx/blog/contributors?per_page=50&page=2
https://api.github.com/repos/notsatan/kodi-strm/contributors?per_page=50&page=2
https://api.github.com/repos/morningmoni/gar/contributors?per_page=50&page=2
https://api.github.com/repos/yuxian158/check/contributors?per_page=50&page=2
https://api.github.com/repos/i5ik/viewfinder/contributors?per_page=50&page=2
https://api.github.com/repos/james-sangalli/eth-allowance/contributors?per_page=50&page=2
https://api.github.com/repos/degacth/js-on-knee/contributors?per_page=50&page=2
https://api.github.com/repos/shreyvijayvargiya/ihatereadinglogs/contributors?per_page=50&page=2
https://api.github.com/repos/miguelmota/ethereum-unit-converter/contributors?per_page=50&page=2
https://api.github.com/repos/alexandru-dinu/obsidian-sortable/contributors?per_page=50&page=2
https://api.github.com/repos/wsndshx/localizeepub/contributors?per_page=50&page=2
https://api.github.com/repos/flammpfeil/slashblade_2/contributors?per_page=50&page=2
https://api.github.com/repos/alialbaali/noto/contributors?per_page=50&page=2
https://api.github.com/repos/ilyakurdyukov/ioccc/contributors?per_page=50&page=2
https://api.github.com/repos/scrators/smartintercom/contributors?per_page=50&page=2
https://api.github.com/repos/y123456yz/reading-and-annotate-mongodb-4.4/contributors?per_page=50&page=2
https://api.github.com/repos/wongfei/ue4-mediapipe-plugin/contributors?per_page=50&page=2
https://api.github.com/repos/rg2/xreg/contributors?per_page=50&page=2
https://api.github.com/repos/ibogosavljevic/johnysswlab/contributors?per_page=50&page=2
https://api.github.com/repos/gasgiant/markup-attributes/contributors?per_page=50&page=2
https://api.github.com/repos/wayneyaoo/alfred-cheat/contributors?per_page=50&page=2
https://api.github.com/repos/yatingmusic/musemorphose/contributors?per_page=50&page=2
https://api.github.com/repos/lhc1224/osad_net/contributors?per_page=50&page=2
https://api.github.com/repos/slu4coder/minimal-uart-cpu-system/contributors?per_page=50&page=2
https://api.github.com/repos/hmorimitsu/ptlflow/contributors?per_page=50&page=2
https://api.github.com/repos/omerfi/pyflappy/contributors?per_page=50&page=2
https://api.github.com/repos/davidbombal/scapy/contributors?per_page=50&page=2
https://api.github.com/repos/ntt123/viettts/contributors?per_page=50&page=2
https://api.github.com/repos/sirrina/phobos-game-pygame/contributors?per_page=50&page=2
https://api.github.com/repos/python/python-docs-pl/contributors?per_page=50&page=2
https://api.github.com/repos/mayurji/image-classification-pytorch/contributors?per_page=50&page=2
https://api.github.com/repos/anniedotexe/instagram-like-comment-bot/contributors?per_page=50&page=2
https://api.github.com/repos/python-sdbus/python-sdbus/contributors?per_page=50&page=2
https://api.github.com/repos/mccoderpy/discord.py-message-components/contributors?per_page=50&page=2
https://api.github.com/repos/panyoujies/zlianpay-faka/contributors?per_page=50&page=2
https://api.github.com/repos/bitrequest/bitrequest.github.io/contributors?per_page=50&page=2
https://api.github.com/repos/yaegassy/coc-volar/contributors?per_page=50&page=2
https://api.github.com/repos/scopevisio/eudgc/contributors?per_page=50&page=2
https://api.github.com/repos/opgg-hackthon/mobile-b-android/contributors?per_page=50&page=2
https://api.github.com/repos/wodan58/joy/contributors?per_page=50&page=2
https://api.github.com/repos/knutwurst/marlin-2-0-x-anycubic-kossel-linear-plus/contributors?per_page=50&page=2
https://api.github.com/repos/giotto-ai/giotto-ph/contributors?per_page=50&page=2
https://api.github.com/repos/injae/serdepp/contributors?per_page=50&page=2
https://api.github.com/repos/fo40225/tensorflow-windows-wheel/contributors?per_page=50&page=2
https://api.github.com/repos/zhukaii/sppr/contributors?per_page=50&page=2
https://api.github.com/repos/grillazz/fastapi-redis/contributors?per_page=50&page=2
https://api.github.com/repos/yjh0410/fcos-rt_pytorch/contributors?per_page=50&page=2
https://api.github.com/repos/n0k0m3/dalsp-assets-decryption-tool/contributors?per_page=50&page=2
https://api.github.com/repos/rordenlab/mricrogl/contributors?per_page=50&page=2
https://api.github.com/repos/lifengfan/human-gaze-communication/contributors?per_page=50&page=2
https://api.github.com/repos/adancurusul/eveide_light/contributors?per_page=50&page=2
https://api.github.com/repos/briancaffey/django-step-by-step/contributors?per_page=50&page=2
https://api.github.com/repos/arthurheitmann/photon-reddit/contributors?per_page=50&page=2
https://api.github.com/repos/veactjs/veact/contributors?per_page=50&page=2
https://api.github.com/repos/haines/pg-aws_rds_iam/contributors?per_page=50&page=2
https://api.github.com/repos/thep0y/predator/contributors?per_page=50&page=2
https://api.github.com/repos/alchemist85k/my-first-react-native/contributors?per_page=50&page=2
https://api.github.com/repos/chayim/redicrypt/contributors?per_page=50&page=2
https://api.github.com/repos/dreamescaper/generateaspnetcoreclient/contributors?per_page=50&page=2
https://api.github.com/repos/soupday/cc3_unity_tools_hdrp/contributors?per_page=50&page=2
https://api.github.com/repos/oe-fet/keithleygui/contributors?per_page=50&page=2
https://api.github.com/repos/xinyuan-lilygo/lilygo-t-pcie/contributors?per_page=50&page=2
https://api.github.com/repos/alibaba-nlp/clner/contributors?per_page=50&page=2
https://api.github.com/repos/cansik/mediapipe-osc/contributors?per_page=50&page=2
https://api.github.com/repos/yeyupiaoling/voiceprintrecognition-pytorch/contributors?per_page=50&page=2
https://api.github.com/repos/tucsky/aggr-server/contributors?per_page=50&page=2
https://api.github.com/repos/josephtzeng/hocon-parser/contributors?per_page=50&page=2
https://api.github.com/repos/marl0ny/qm-simulator-2d/contributors?per_page=50&page=2
https://api.github.com/repos/lacolaco/angular-testing-recipes/contributors?per_page=50&page=2
https://api.github.com/repos/kevinyan815/learningkubernetes/contributors?per_page=50&page=2
https://api.github.com/repos/sun45/warbanner/contributors?per_page=50&page=2
https://api.github.com/repos/dotos/android_frameworks_base/contributors?per_page=50&page=5
https://api.github.com/repos/domain-driven-design/ddd-lite-example/contributors?per_page=50&page=2
https://api.github.com/repos/louiscad/resumecomposition/contributors?per_page=50&page=2
https://api.github.com/repos/scandum/fluxsort/contributors?per_page=50&page=2
https://api.github.com/repos/riicchhaarrd/ocean/contributors?per_page=50&page=2
