(whatever. Jump to next section)
################# Basic Information of The Graph #################
Edge ('contributor', 'contributor_follow_contributor', 'contributor') 2286407
Edge ('contributor', 'contributor_propose_issue', 'issue') 692554
Edge ('contributor', 'contributor_propose_pr', 'pr') 379498
Edge ('contributor', 'contributor_star_repo', 'repository') 947423
Edge ('contributor', 'contributor_watch_repo', 'repository') 150292
Edge ('issue', 'issue_belong_to_repo', 'repository') 692554
Edge ('pr', 'pr_belong_to_repo', 'repository') 379498
Edge ('repository', 'repo_committed_by_contributor', 'contributor') 161241
Node contributor 394474
Node issue 692554
Node pr 379496
Node repository 50000
Total number of nodes 1516524
Total number of edges 5689467
################# End of the Graph Information  #################
{('contributor', 'contributor_follow_contributor', 'contributor'): 0, ('contributor', 'contributor_propose_issue', 'issue'): 1, ('contributor', 'contributor_propose_pr', 'pr'): 2, ('contributor', 'contributor_star_repo', 'repository'): 3, ('contributor', 'contributor_watch_repo', 'repository'): 4, ('issue', 'issue_belong_to_repo', 'repository'): 5, ('pr', 'pr_belong_to_repo', 'repository'): 6, ('repository', 'repo_committed_by_contributor', 'contributor'): 7}
{'reltype': tensor([7, 7, 7,  ..., 7, 7, 7]), 'cr_weight': tensor([6.0474, 5.1299, 3.9120,  ..., 5.6904, 2.7081, 2.4849])}
{'reltype': tensor([6, 6, 6,  ..., 6, 6, 6]), 'pr_label': tensor([1, 1, 0,  ..., 0, 0, 0])}

--------------------------------------------------------------------------------

Traceback (most recent call last):
  File "train_with_er_7^2.py", line 252, in <module>
    model.load_state_dict(torch.load(pn.pretrain_model_path))
  File "/home/smsqo/.anaconda3/envs/dtem/lib/python3.8/site-packages/torch/nn/modules/module.py", line 1667, in load_state_dict
    raise RuntimeError('Error(s) in loading state_dict for {}:\n\t{}'.format(
RuntimeError: Error(s) in loading state_dict for HetSAGE:
	Unexpected key(s) in state_dict: "layers.2.mods.contributor_follow_contributor.norm.weight", "layers.2.mods.contributor_follow_contributor.norm.bias", "layers.2.mods.contributor_follow_contributor.fc_pool.weight", "layers.2.mods.contributor_follow_contributor.fc_pool.bias", "layers.2.mods.contributor_follow_contributor.fc_neigh.weight", "layers.2.mods.contributor_follow_contributor.fc_self.weight", "layers.2.mods.contributor_follow_contributor.fc_self.bias", "layers.2.mods.contributor_propose_issue.norm.weight", "layers.2.mods.contributor_propose_issue.norm.bias", "layers.2.mods.contributor_propose_issue.fc_pool.weight", "layers.2.mods.contributor_propose_issue.fc_pool.bias", "layers.2.mods.contributor_propose_issue.fc_neigh.weight", "layers.2.mods.contributor_propose_issue.fc_self.weight", "layers.2.mods.contributor_propose_issue.fc_self.bias", "layers.2.mods.contributor_propose_pr.norm.weight", "layers.2.mods.contributor_propose_pr.norm.bias", "layers.2.mods.contributor_propose_pr.fc_pool.weight", "layers.2.mods.contributor_propose_pr.fc_pool.bias", "layers.2.mods.contributor_propose_pr.fc_neigh.weight", "layers.2.mods.contributor_propose_pr.fc_self.weight", "layers.2.mods.contributor_propose_pr.fc_self.bias", "layers.2.mods.contributor_star_repo.norm.weight", "layers.2.mods.contributor_star_repo.norm.bias", "layers.2.mods.contributor_star_repo.fc_pool.weight", "layers.2.mods.contributor_star_repo.fc_pool.bias", "layers.2.mods.contributor_star_repo.fc_neigh.weight", "layers.2.mods.contributor_star_repo.fc_self.weight", "layers.2.mods.contributor_star_repo.fc_self.bias", "layers.2.mods.contributor_watch_repo.norm.weight", "layers.2.mods.contributor_watch_repo.norm.bias", "layers.2.mods.contributor_watch_repo.fc_pool.weight", "layers.2.mods.contributor_watch_repo.fc_pool.bias", "layers.2.mods.contributor_watch_repo.fc_neigh.weight", "layers.2.mods.contributor_watch_repo.fc_self.weight", "layers.2.mods.contributor_watch_repo.fc_self.bias", "layers.2.mods.issue_belong_to_repo.norm.weight", "layers.2.mods.issue_belong_to_repo.norm.bias", "layers.2.mods.issue_belong_to_repo.fc_pool.weight", "layers.2.mods.issue_belong_to_repo.fc_pool.bias", "layers.2.mods.issue_belong_to_repo.fc_neigh.weight", "layers.2.mods.issue_belong_to_repo.fc_self.weight", "layers.2.mods.issue_belong_to_repo.fc_self.bias", "layers.2.mods.pr_belong_to_repo.norm.weight", "layers.2.mods.pr_belong_to_repo.norm.bias", "layers.2.mods.pr_belong_to_repo.fc_pool.weight", "layers.2.mods.pr_belong_to_repo.fc_pool.bias", "layers.2.mods.pr_belong_to_repo.fc_neigh.weight", "layers.2.mods.pr_belong_to_repo.fc_self.weight", "layers.2.mods.pr_belong_to_repo.fc_self.bias", "layers.2.mods.repo_committed_by_contributor.norm.weight", "layers.2.mods.repo_committed_by_contributor.norm.bias", "layers.2.mods.repo_committed_by_contributor.fc_pool.weight", "layers.2.mods.repo_committed_by_contributor.fc_pool.bias", "layers.2.mods.repo_committed_by_contributor.fc_neigh.weight", "layers.2.mods.repo_committed_by_contributor.fc_self.weight", "layers.2.mods.repo_committed_by_contributor.fc_self.bias". 

说的是这一句: 
    model.load_state_dict(torch.load(pn.pretrain_model_path))

    内层的调用是没问题的. 这说明 model 和预训练的有些差异. 

在7^4中, 报错是这样的: 
RuntimeError: Error(s) in loading state_dict for HetSAGE:
	Missing key(s) in state_dict: "layers.3.mods.contributor_follow_contributor.norm.weight", "layers.3.mods.contributor_follow_contributor.norm.bias", "layers.3.mods.contributor_follow_contributor.fc_pool.weight", "layers.3.mods.contributor_follow_contributor.fc_pool.bias", "layers.3.mods.contributor_follow_contributor.fc_neigh.weight", "layers.3.mods.contributor_follow_contributor.fc_self.weight", "layers.3.mods.contributor_follow_contributor.fc_self.bias", "layers.3.mods.contributor_propose_issue.norm.weight", "layers.3.mods.contributor_propose_issue.norm.bias", "layers.3.mods.contributor_propose_issue.fc_pool.weight", "layers.3.mods.contributor_propose_issue.fc_pool.bias", "layers.3.mods.contributor_propose_issue.fc_neigh.weight", "layers.3.mods.contributor_propose_issue.fc_self.weight", "layers.3.mods.contributor_propose_issue.fc_self.bias", "layers.3.mods.contributor_propose_pr.norm.weight", "layers.3.mods.contributor_propose_pr.norm.bias", "layers.3.mods.contributor_propose_pr.fc_pool.weight", "layers.3.mods.contributor_propose_pr.fc_pool.bias", "layers.3.mods.contributor_propose_pr.fc_neigh.weight", "layers.3.mods.contributor_propose_pr.fc_self.weight", "layers.3.mods.contributor_propose_pr.fc_self.bias", "layers.3.mods.contributor_star_repo.norm.weight", "layers.3.mods.contributor_star_repo.norm.bias", "layers.3.mods.contributor_star_repo.fc_pool.weight", "layers.3.mods.contributor_star_repo.fc_pool.bias", "layers.3.mods.contributor_star_repo.fc_neigh.weight", "layers.3.mods.contributor_star_repo.fc_self.weight", "layers.3.mods.contributor_star_repo.fc_self.bias", "layers.3.mods.contributor_watch_repo.norm.weight", "layers.3.mods.contributor_watch_repo.norm.bias", "layers.3.mods.contributor_watch_repo.fc_pool.weight", "layers.3.mods.contributor_watch_repo.fc_pool.bias", "layers.3.mods.contributor_watch_repo.fc_neigh.weight", "layers.3.mods.contributor_watch_repo.fc_self.weight", "layers.3.mods.contributor_watch_repo.fc_self.bias", "layers.3.mods.issue_belong_to_repo.norm.weight", "layers.3.mods.issue_belong_to_repo.norm.bias", "layers.3.mods.issue_belong_to_repo.fc_pool.weight", "layers.3.mods.issue_belong_to_repo.fc_pool.bias", "layers.3.mods.issue_belong_to_repo.fc_neigh.weight", "layers.3.mods.issue_belong_to_repo.fc_self.weight", "layers.3.mods.issue_belong_to_repo.fc_self.bias", "layers.3.mods.pr_belong_to_repo.norm.weight", "layers.3.mods.pr_belong_to_repo.norm.bias", "layers.3.mods.pr_belong_to_repo.fc_pool.weight", "layers.3.mods.pr_belong_to_repo.fc_pool.bias", "layers.3.mods.pr_belong_to_repo.fc_neigh.weight", "layers.3.mods.pr_belong_to_repo.fc_self.weight", "layers.3.mods.pr_belong_to_repo.fc_self.bias", "layers.3.mods.repo_committed_by_contributor.norm.weight", "layers.3.mods.repo_committed_by_contributor.norm.bias", "layers.3.mods.repo_committed_by_contributor.fc_pool.weight", "layers.3.mods.repo_committed_by_contributor.fc_pool.bias", "layers.3.mods.repo_committed_by_contributor.fc_neigh.weight", "layers.3.mods.repo_committed_by_contributor.fc_self.weight", "layers.3.mods.repo_committed_by_contributor.fc_self.bias". 


